<?xml version="1.0" encoding="UTF-8"?>
<!-- Generated by org.testng.reporters.JUnitXMLReporter -->
<testsuite ignored="0" hostname="LAPTOP-M408FRMV" failures="0" tests="3" name="Default test" time="31.642" errors="0" timestamp="2021-05-17T12:41:16 IST">
  <testcase classname="com.testScript.TestClass" name="hospitalList" time="13.771"/>
  <testcase classname="com.testScript.TestClass" name="diagonosticsPage" time="0.067"/>
  <testcase classname="com.testScript.TestClass" name="corporateWellnessPage" time="5.104"/>
</testsuite> <!-- Default test -->
