<?xml version="1.0" encoding="UTF-8"?>
<!-- Generated by org.testng.reporters.JUnitXMLReporter -->
<testsuite ignored="0" hostname="ADMIN-PC" failures="0" tests="3" name="Default test" time="491.223" errors="0" timestamp="22 May 2021 07:45:52 GMT">
  <testcase classname="com.testScript.TestClass" name="hospitalList" time="101.18"/>
  <testcase classname="com.testScript.TestClass" name="diagonosticsPage" time="5.143"/>
  <testcase classname="com.testScript.TestClass" name="corporateWellnessPage" time="384.565"/>
</testsuite> <!-- Default test -->
