<?xml version="1.0" encoding="UTF-8"?>
<!-- Generated by org.testng.reporters.JUnitXMLReporter -->
<testsuite ignored="0" hostname="LAPTOP-M408FRMV" failures="0" tests="3" name="Test" time="506.135" errors="0" timestamp="2021-05-17T14:16:32 IST">
  <testcase classname="com.testScript.TestClass" name="hospitalList" time="110.184"/>
  <testcase classname="com.testScript.TestClass" name="diagonosticsPage" time="7.376"/>
  <testcase classname="com.testScript.TestClass" name="corporateWellnessPage" time="388.511"/>
</testsuite> <!-- Test -->
