<?xml version="1.0" encoding="UTF-8"?>
<!-- Generated by org.testng.reporters.JUnitXMLReporter -->
<testsuite ignored="0" hostname="ADMIN-PC" failures="1" tests="3" name="Test" time="32.813" errors="0" timestamp="18 May 2021 04:57:56 GMT">
  <testcase classname="com.testScript.TestClass" name="hospitalList" time="32.696">
    <failure type="java.lang.NullPointerException" message="Cannot invoke &amp;quot;org.openqa.selenium.WebDriver.manage()&amp;quot; because &amp;quot;com.automationScript.BaseUI.driver&amp;quot; is null">
      <![CDATA[java.lang.NullPointerException: Cannot invoke "org.openqa.selenium.WebDriver.manage()" because "com.automationScript.BaseUI.driver" is null
at com.automationScript.BaseUI.openBrowserAndNavigateToPracto(BaseUI.java:42)
at com.testScript.TestClass.open(TestClass.java:29)
at com.testScript.TestClass.hospitalList(TestClass.java:36)
... Removed 28 stack frames]]>
    </failure>
  </testcase> <!-- hospitalList -->
  <testcase classname="com.testScript.TestClass" name="diagonosticsPage" time="0.0">
    <skipped/>
  </testcase> <!-- diagonosticsPage -->
  <testcase classname="com.testScript.TestClass" name="corporateWellnessPage" time="0.0">
    <skipped/>
  </testcase> <!-- corporateWellnessPage -->
</testsuite> <!-- Test -->
