<?xml version="1.0" encoding="UTF-8"?>
<testng-results ignored="0" total="3" passed="3" failed="0" skipped="0">
  <reporter-output>
  </reporter-output>
  <suite started-at="2021-05-17T14:08:06 IST" name="Suite" finished-at="2021-05-17T14:16:32 IST" duration-ms="506135">
    <groups>
      <group name="regression">
        <method signature="TestClass.corporateWellnessPage()[pri:3, instance:com.testScript.TestClass@696da30b]" name="corporateWellnessPage" class="com.testScript.TestClass"/>
      </group> <!-- regression -->
      <group name="smoke">
        <method signature="TestClass.hospitalList()[pri:1, instance:com.testScript.TestClass@696da30b]" name="hospitalList" class="com.testScript.TestClass"/>
        <method signature="TestClass.diagonosticsPage()[pri:2, instance:com.testScript.TestClass@696da30b]" name="diagonosticsPage" class="com.testScript.TestClass"/>
      </group> <!-- smoke -->
    </groups>
    <test started-at="2021-05-17T14:08:06 IST" name="Test" finished-at="2021-05-17T14:16:32 IST" duration-ms="506135">
      <class name="com.testScript.TestClass">
        <test-method signature="hospitalList()[pri:1, instance:com.testScript.TestClass@696da30b]" started-at="2021-05-17T14:08:06 IST" name="hospitalList" finished-at="2021-05-17T14:09:56 IST" duration-ms="110184" status="PASS">
          <reporter-output>
          </reporter-output>
        </test-method> <!-- hospitalList -->
        <test-method signature="diagonosticsPage()[pri:2, instance:com.testScript.TestClass@696da30b]" started-at="2021-05-17T14:09:56 IST" name="diagonosticsPage" finished-at="2021-05-17T14:10:03 IST" depends-on-methods="com.testScript.TestClass.hospitalList" duration-ms="7376" status="PASS">
          <reporter-output>
          </reporter-output>
        </test-method> <!-- diagonosticsPage -->
        <test-method signature="corporateWellnessPage()[pri:3, instance:com.testScript.TestClass@696da30b]" started-at="2021-05-17T14:10:03 IST" name="corporateWellnessPage" finished-at="2021-05-17T14:16:32 IST" depends-on-methods="com.testScript.TestClass.diagonosticsPage" duration-ms="388511" status="PASS">
          <reporter-output>
          </reporter-output>
        </test-method> <!-- corporateWellnessPage -->
      </class> <!-- com.testScript.TestClass -->
    </test> <!-- Test -->
  </suite> <!-- Suite -->
</testng-results>
